<?xml version="1.0" encoding="UTF-8"?>
<!-- Generated by org.testng.reporters.JUnitXMLReporter -->
<testsuite hostname="DESKTOP-KIB7BK7" name="Test1" tests="4" failures="0" timestamp="15 May 2019 19:13:42 GMT" time="0.031" errors="0">
  <testcase name="testunderAnotherPakage" time="0.001" classname="Test1.SomeTest"/>
  <testcase name="testunderAnotherPakage2" time="0.004" classname="Test1.SomeTest"/>
  <testcase name="uiGroupTest" time="0.0" classname="Test1.SomeTest"/>
  <testcase name="uiGroupTest2" time="0.004" classname="Test1.SomeTest"/>
</testsuite> <!-- Test1 -->
