<?xml version="1.0" encoding="UTF-8"?>
<testng-results skipped="0" failed="0" total="7" passed="7">
  <reporter-output>
  </reporter-output>
  <suite name="Suite" duration-ms="135" started-at="2019-05-15T19:13:42Z" finished-at="2019-05-15T19:13:42Z">
    <groups>
      <group name="ui">
        <method signature="SomeTest.uiGroupTest()[pri:0, instance:Test1.SomeTest@28d25987]" name="uiGroupTest" class="Test1.SomeTest"/>
        <method signature="SomeTest.uiGroupTest2()[pri:0, instance:Test1.SomeTest@28d25987]" name="uiGroupTest2" class="Test1.SomeTest"/>
      </group> <!-- ui -->
    </groups>
    <test name="Test" duration-ms="44" started-at="2019-05-15T19:13:42Z" finished-at="2019-05-15T19:13:42Z">
      <class name="Test.AppTest">
        <test-method status="PASS" signature="beforeMethod()[pri:0, instance:Test.AppTest@28feb3fa]" name="beforeMethod" is-config="true" duration-ms="1" started-at="2019-05-16T00:43:42Z" finished-at="2019-05-16T00:43:42Z">
          <reporter-output>
          </reporter-output>
        </test-method> <!-- beforeMethod -->
        <test-method status="PASS" signature="AppTestSuite()[pri:0, instance:Test.AppTest@28feb3fa]" name="AppTestSuite" duration-ms="2" started-at="2019-05-16T00:43:42Z" finished-at="2019-05-16T00:43:42Z">
          <reporter-output>
          </reporter-output>
        </test-method> <!-- AppTestSuite -->
        <test-method status="PASS" signature="afterMethod()[pri:0, instance:Test.AppTest@28feb3fa]" name="afterMethod" is-config="true" duration-ms="1" started-at="2019-05-16T00:43:42Z" finished-at="2019-05-16T00:43:42Z">
          <reporter-output>
          </reporter-output>
        </test-method> <!-- afterMethod -->
        <test-method status="PASS" signature="anotherTest()[pri:0, instance:Test.AppTest@28feb3fa]" name="anotherTest" duration-ms="4" started-at="2019-05-16T00:43:42Z" finished-at="2019-05-16T00:43:42Z">
          <reporter-output>
          </reporter-output>
        </test-method> <!-- anotherTest -->
        <test-method status="PASS" signature="beforeMethod()[pri:0, instance:Test.AppTest@28feb3fa]" name="beforeMethod" is-config="true" duration-ms="0" started-at="2019-05-16T00:43:42Z" finished-at="2019-05-16T00:43:42Z">
          <reporter-output>
          </reporter-output>
        </test-method> <!-- beforeMethod -->
        <test-method status="PASS" signature="afterMethod()[pri:0, instance:Test.AppTest@28feb3fa]" name="afterMethod" is-config="true" duration-ms="0" started-at="2019-05-16T00:43:42Z" finished-at="2019-05-16T00:43:42Z">
          <reporter-output>
          </reporter-output>
        </test-method> <!-- afterMethod -->
      </class> <!-- Test.AppTest -->
      <class name="Test.MainTest">
        <test-method status="PASS" signature="beforeTest()[pri:0, instance:Test.MainTest@62ee68d8]" name="beforeTest" is-config="true" duration-ms="0" started-at="2019-05-16T00:43:42Z" finished-at="2019-05-16T00:43:42Z">
          <reporter-output>
          </reporter-output>
        </test-method> <!-- beforeTest -->
        <test-method status="PASS" signature="beforeClass()[pri:0, instance:Test.MainTest@62ee68d8]" name="beforeClass" is-config="true" duration-ms="0" started-at="2019-05-16T00:43:42Z" finished-at="2019-05-16T00:43:42Z">
          <reporter-output>
          </reporter-output>
        </test-method> <!-- beforeClass -->
        <test-method status="PASS" signature="demoTest1()[pri:0, instance:Test.MainTest@62ee68d8]" name="demoTest1" duration-ms="8" started-at="2019-05-16T00:43:42Z" finished-at="2019-05-16T00:43:42Z">
          <reporter-output>
          </reporter-output>
        </test-method> <!-- demoTest1 -->
        <test-method status="PASS" signature="afterClass()[pri:0, instance:Test.MainTest@62ee68d8]" name="afterClass" is-config="true" duration-ms="0" started-at="2019-05-16T00:43:42Z" finished-at="2019-05-16T00:43:42Z">
          <reporter-output>
          </reporter-output>
        </test-method> <!-- afterClass -->
        <test-method status="PASS" signature="afterTest()[pri:0, instance:Test.MainTest@62ee68d8]" name="afterTest" is-config="true" duration-ms="0" started-at="2019-05-16T00:43:42Z" finished-at="2019-05-16T00:43:42Z">
          <reporter-output>
          </reporter-output>
        </test-method> <!-- afterTest -->
      </class> <!-- Test.MainTest -->
    </test> <!-- Test -->
    <test name="Test1" duration-ms="31" started-at="2019-05-15T19:13:42Z" finished-at="2019-05-15T19:13:42Z">
      <class name="Test1.SomeTest">
        <test-method status="PASS" signature="testunderAnotherPakage()[pri:0, instance:Test1.SomeTest@28d25987]" name="testunderAnotherPakage" duration-ms="1" started-at="2019-05-16T00:43:42Z" finished-at="2019-05-16T00:43:42Z">
          <reporter-output>
          </reporter-output>
        </test-method> <!-- testunderAnotherPakage -->
        <test-method status="PASS" signature="testunderAnotherPakage2()[pri:0, instance:Test1.SomeTest@28d25987]" name="testunderAnotherPakage2" duration-ms="4" started-at="2019-05-16T00:43:42Z" finished-at="2019-05-16T00:43:42Z">
          <reporter-output>
          </reporter-output>
        </test-method> <!-- testunderAnotherPakage2 -->
        <test-method status="PASS" signature="beforeGroup()[pri:0, instance:Test1.SomeTest@28d25987]" name="beforeGroup" is-config="true" duration-ms="0" started-at="2019-05-16T00:43:42Z" finished-at="2019-05-16T00:43:42Z">
          <reporter-output>
          </reporter-output>
        </test-method> <!-- beforeGroup -->
        <test-method status="PASS" signature="uiGroupTest()[pri:0, instance:Test1.SomeTest@28d25987]" name="uiGroupTest" duration-ms="0" started-at="2019-05-16T00:43:42Z" finished-at="2019-05-16T00:43:42Z">
          <reporter-output>
          </reporter-output>
        </test-method> <!-- uiGroupTest -->
        <test-method status="PASS" signature="uiGroupTest2()[pri:0, instance:Test1.SomeTest@28d25987]" name="uiGroupTest2" duration-ms="4" started-at="2019-05-16T00:43:42Z" finished-at="2019-05-16T00:43:42Z">
          <reporter-output>
          </reporter-output>
        </test-method> <!-- uiGroupTest2 -->
        <test-method status="PASS" signature="afterGroup()[pri:0, instance:Test1.SomeTest@28d25987]" name="afterGroup" is-config="true" duration-ms="0" started-at="2019-05-16T00:43:42Z" finished-at="2019-05-16T00:43:42Z">
          <reporter-output>
          </reporter-output>
        </test-method> <!-- afterGroup -->
      </class> <!-- Test1.SomeTest -->
      <class name="Test.MainTest">
        <test-method status="PASS" signature="beforeSuite()[pri:0, instance:Test.MainTest@62ee68d8]" name="beforeSuite" is-config="true" duration-ms="14" started-at="2019-05-16T00:43:42Z" finished-at="2019-05-16T00:43:42Z">
          <reporter-output>
          </reporter-output>
        </test-method> <!-- beforeSuite -->
        <test-method status="PASS" signature="afterSuite()[pri:0, instance:Test.MainTest@62ee68d8]" name="afterSuite" is-config="true" duration-ms="0" started-at="2019-05-16T00:43:42Z" finished-at="2019-05-16T00:43:42Z">
          <reporter-output>
          </reporter-output>
        </test-method> <!-- afterSuite -->
      </class> <!-- Test.MainTest -->
    </test> <!-- Test1 -->
  </suite> <!-- Suite -->
</testng-results>
